<?xml version="1.0" encoding="UTF-8"?>
<!-- Generated by org.testng.reporters.JUnitXMLReporter -->
<testsuite ignored="0" hostname="DESKTOP-L37L1I5" failures="0" tests="8" name="Test" time="153.236" errors="0" timestamp="2020-04-05T12:33:06 IST">
  <testcase classname="cucumber.api.testng.AbstractTestNGCucumberTests" name="feature" time="151.681"/>
  <testcase classname="cucumber.api.testng.AbstractTestNGCucumberTests" name="feature" time="0.0">
    <skipped/>
  </testcase> <!-- feature -->
  <testcase classname="cucumber.api.testng.AbstractTestNGCucumberTests" name="feature" time="0.0">
    <skipped/>
  </testcase> <!-- feature -->
  <testcase classname="cucumber.api.testng.AbstractTestNGCucumberTests" name="feature" time="0.0">
    <skipped/>
  </testcase> <!-- feature -->
  <testcase classname="cucumber.api.testng.AbstractTestNGCucumberTests" name="feature" time="0.0">
    <skipped/>
  </testcase> <!-- feature -->
  <testcase classname="cucumber.api.testng.AbstractTestNGCucumberTests" name="feature" time="0.0">
    <skipped/>
  </testcase> <!-- feature -->
  <testcase classname="cucumber.api.testng.AbstractTestNGCucumberTests" name="feature" time="0.0">
    <skipped/>
  </testcase> <!-- feature -->
  <testcase classname="cucumber.api.testng.AbstractTestNGCucumberTests" name="feature" time="0.0">
    <skipped/>
  </testcase> <!-- feature -->
</testsuite> <!-- Test -->
